<?xml version="1.0" encoding="UTF-8"?>
<testng-results skipped="0" failed="0" total="1" passed="1">
  <reporter-output>
  </reporter-output>
  <suite name="Example.NewTest" duration-ms="37053" started-at="2019-05-31T09:54:21Z" finished-at="2019-05-31T09:54:58Z">
    <groups>
    </groups>
    <test name="Command line test" duration-ms="37053" started-at="2019-05-31T09:54:21Z" finished-at="2019-05-31T09:54:58Z">
      <class name="Example.NewTest">
        <test-method status="PASS" signature="beforeTest()[pri:0, instance:Example.NewTest@3498ed]" name="beforeTest" is-config="true" duration-ms="12944" started-at="2019-05-31T11:54:21Z" finished-at="2019-05-31T11:54:34Z">
          <reporter-output>
          </reporter-output>
        </test-method> <!-- beforeTest -->
        <test-method status="PASS" signature="f()[pri:0, instance:Example.NewTest@3498ed]" name="f" duration-ms="22105" started-at="2019-05-31T11:54:34Z" finished-at="2019-05-31T11:54:56Z">
          <reporter-output>
          </reporter-output>
        </test-method> <!-- f -->
        <test-method status="PASS" signature="afterTest()[pri:0, instance:Example.NewTest@3498ed]" name="afterTest" is-config="true" duration-ms="1984" started-at="2019-05-31T11:54:56Z" finished-at="2019-05-31T11:54:58Z">
          <reporter-output>
          </reporter-output>
        </test-method> <!-- afterTest -->
      </class> <!-- Example.NewTest -->
    </test> <!-- Command line test -->
  </suite> <!-- Example.NewTest -->
</testng-results>
